2015-03-19 22:51:54 : /admin/fileman2/php/upload.php
2015-03-19 22:51:54 : /home/web/alleedubio.frthumbs/Screen_Shot_2015_03_19_at_18.01.30.png
2015-03-20 18:02:15 : /admin/fileman2/php/upload.php
2015-03-20 18:02:15 : /home/web/alleedubio.frthumbs/DSC00145.jpg
2015-03-20 18:03:24 : /admin/fileman2/php/upload.php
2015-03-20 18:03:24 : /home/web/alleedubio.frthumbs/DSC00144.jpg
2015-03-21 16:59:22 : /admin/fileman2/php/upload.php
2015-03-21 16:59:22 : /home/web/alleedubio.frthumbs/DSC00151.jpg
2015-03-21 17:05:35 : /admin/fileman2/php/upload.php
2015-03-21 17:05:35 : /home/web/alleedubio.frthumbs/DSC00158.jpg
2015-03-21 17:30:07 : /admin/fileman2/php/upload.php
2015-03-21 17:30:07 : /home/web/alleedubio.frthumbs/DSC00146.jpg
2015-03-21 17:34:07 : /admin/fileman2/php/upload.php
2015-03-21 17:34:07 : /home/web/alleedubio.frthumbs/DSC00147.jpg
2015-03-24 10:45:25 : 24/03/2015
2015-03-24 10:45:25 : Nathalie LESCA
2015-03-24 10:45:25 : nathalie.lesca@free.fr
2015-03-24 10:45:25 : boutique trés sympa. Bons conseils et produits très variés de qualité. 
2015-03-24 10:45:25 : sendMail
2015-03-24 10:45:25 : on
2015-03-24 10:45:25 : Message envoyé ! 
2015-03-24 10:45:25 xxxxxxxxxxxxxxxxxxxxxxxxxxxxxxxxxxxxxxxxxxxx  
2015-03-24 15:16:20 : /admin/fileman2/php/upload.php
2015-03-24 15:16:20 : /home/web/alleedubio.frthumbs/DSC00150.jpg
2015-03-24 15:22:00 : /admin/fileman2/php/upload.php
2015-03-24 15:22:00 : /home/web/alleedubio.frthumbs/DSC00157.jpg
2015-03-25 17:51:05 : /admin/fileman2/php/upload.php
2015-03-25 17:51:05 : /home/web/alleedubio.frthumbs/DSC00186.jpg
2015-03-26 18:40:33 : /admin/fileman2/php/upload.php
2015-03-26 18:40:33 : /home/web/alleedubio.frthumbs/complementsalimentaires.jpg
2015-04-04 14:07:44 : /admin/fileman2/php/upload.php
2015-04-04 14:07:44 : /home/web/alleedubio.frthumbs/DSC00214.jpg
2015-04-04 14:16:02 : /admin/fileman2/php/upload.php
2015-04-04 14:16:02 : /home/web/alleedubio.frthumbs/DSC00216.jpg
2015-04-04 14:23:18 : /admin/fileman2/php/upload.php
2015-04-04 14:23:18 : /home/web/alleedubio.frthumbs/DSC00217.jpg
2015-04-04 14:29:45 : /admin/fileman2/php/upload.php
2015-04-04 14:29:45 : /home/web/alleedubio.frthumbs/DSC00215.jpg
2015-04-04 16:56:23 : /admin/fileman2/php/upload.php
2015-04-04 16:56:23 : /home/web/alleedubio.frthumbs/DSC00219.jpg
2015-04-04 17:07:49 : /admin/fileman2/php/upload.php
2015-04-04 17:07:49 : /home/web/alleedubio.frthumbs/DSC00220.jpg
2015-04-04 17:12:54 : /admin/fileman2/php/upload.php
2015-04-04 17:12:54 : /home/web/alleedubio.frthumbs/DSC00221.jpg
2015-04-08 15:59:32 : /admin/fileman2/php/upload.php
2015-04-08 15:59:32 : /home/web/alleedubio.frthumbs/DSC00222.jpg
2015-04-08 16:30:23 : /admin/fileman2/php/upload.php
2015-04-08 16:30:23 : /home/web/alleedubio.frthumbs/DSC00223.jpg
2015-04-08 16:44:50 : /admin/fileman2/php/upload.php
2015-04-08 16:44:50 : /home/web/alleedubio.frthumbs/DSC00224.jpg
2015-04-11 15:25:27 : /admin/fileman2/php/upload.php
2015-04-11 15:25:27 : /home/web/alleedubio.frthumbs/DSC00249.jpg
2015-04-11 15:31:02 : /admin/fileman2/php/upload.php
2015-04-11 15:31:02 : /home/web/alleedubio.frthumbs/DSC00250.jpg
2015-04-11 15:37:25 : /admin/fileman2/php/upload.php
2015-04-11 15:37:25 : /home/web/alleedubio.frthumbs/DSC00251.jpg
2015-04-11 16:18:01 : /admin/fileman2/php/upload.php
2015-04-11 16:18:01 : /home/web/alleedubio.frthumbs/DSC00252.jpg
2015-04-11 16:40:34 : /admin/fileman2/php/upload.php
2015-04-11 16:40:34 : /home/web/alleedubio.frthumbs/DSC00256.jpg
2015-04-11 16:42:29 : /admin/fileman2/php/upload.php
2015-04-11 16:42:29 : /home/web/alleedubio.frthumbs/DSC00256 - Copy 1.jpg
2015-04-11 16:46:29 : /admin/fileman2/php/upload.php
2015-04-11 16:46:29 : /home/web/alleedubio.frthumbs/DSC00255.jpg
2015-04-11 16:50:26 : /admin/fileman2/php/upload.php
2015-04-11 16:50:26 : /home/web/alleedubio.frthumbs/DSC00257.jpg
2015-04-14 09:42:07 : 14/04/2015
2015-04-14 09:42:07 : toto
2015-04-14 09:42:07 : t@free.fr
2015-04-14 09:42:07 : boutique simbre
2015-04-14 09:42:07 : sendMail
2015-04-14 09:42:07 : on
2015-04-14 09:42:07 : Message envoyé ! 
2015-04-14 09:42:07 xxxxxxxxxxxxxxxxxxxxxxxxxxxxxxxxxxxxxxxxxxxx  
2015-04-16 22:18:52 : 16/04/2015
2015-04-16 22:18:52 : Isabelle
2015-04-16 22:18:52 : isa_carambar@yahoo.fr
2015-04-16 22:18:52 : Un magasin où l'on se sent bien, à taille humaine. On y trouve tout ce dont on a besoin avec en plus les conseils éclairés; la gentillesse et le sourire de la créatrice de ce lieu unique.
2015-04-16 22:18:52 : sendMail
2015-04-16 22:18:52 : on
2015-04-16 22:18:52 : Message envoyé ! 
2015-04-16 22:18:52 xxxxxxxxxxxxxxxxxxxxxxxxxxxxxxxxxxxxxxxxxxxx  
2015-04-24 10:07:08 : /admin/fileman2/php/upload.php
2015-04-24 10:07:08 : /home/web/alleedubio.frthumbs/97289914abeille_jpg.jpg
2015-04-24 10:10:22 : /admin/fileman2/php/upload.php
2015-04-24 10:10:22 : /home/web/alleedubio.frthumbs/Inde_epices_pt130710.jpg
2015-04-25 04:06:34 : 
2015-04-25 04:06:34 : 
2015-04-25 04:06:34 : 
2015-04-25 04:06:34 : 
2015-04-25 04:06:34 : 
2015-04-25 04:06:34 : 
2015-04-25 04:06:34 : 
2015-04-25 04:06:34 : 
2015-04-25 04:06:34 : Message NON envoyé ! 
2015-04-25 04:06:34 xxxxxxxxxxxxxxxxxxxxxxxxxxxxxxxxxxxxxxxxxxxx  
2015-04-25 04:06:34 : 
2015-04-25 04:06:34 : 
2015-04-25 04:06:34 : 
2015-04-25 04:06:34 : 
2015-04-25 04:06:34 : 
2015-04-25 04:06:34 : 
2015-04-25 04:06:34 : Message NON envoyé ! 
2015-04-25 04:06:34 xxxxxxxxxxxxxxxxxxxxxxxxxxxxxxxxxxxxxxxxxxxx  
2015-05-08 02:20:21 : 08/05/2015
2015-05-08 02:20:21 : Lisa
2015-05-08 02:20:21 : eliereynaert@hotmail.fr
2015-05-08 02:20:21 : Un magasin agréable, avec un choix très varié de produits, les conseils sont au rendez vous ! 
On y est très bien accueilli et la gérante de ce dernier rayonne par sa bonne humeur et son sourire. 
2015-05-08 02:20:21 : sendMail
2015-05-08 02:20:21 : on
2015-05-08 02:20:21 : Message envoyé ! 
2015-05-08 02:20:21 xxxxxxxxxxxxxxxxxxxxxxxxxxxxxxxxxxxxxxxxxxxx  
2015-05-15 09:21:46 : sendMail
2015-05-15 09:21:46 : GARCIA
2015-05-15 09:21:46 : Sergio
2015-05-15 09:21:46 : sgarcia@aceitesolimpo.com
2015-05-15 09:21:46 : 0034967217661
2015-05-15 09:21:46 : les produits
2015-05-15 09:21:46 : Madame, Monsieur, 

ACEITES OLIMPO est un fabricant de qualité et de confiance qui offre à ses clients une large gamme de produits de qualité (huile, olives, safran, vin, fromage et vinaigre).

Nous exportons nos produits principalement en Europe (dont la France), en Asie (Indonésie, Inde, Chine…). Mais nous fournissons aussi des établissements de notre région.
Nos huiles font parties des meilleures d’Espagne car elles proviennent directement des oliveraies de notre province.
Notre produit phare est l’huile d’olive biologique. Les olives sont cultivées dans le respect de l’environnement. En effet, nous n’utilisons pas d’engrais, ni de pesticides ou d’autres produits chimiques. De plus, l’extraction de l’huile est réalisée par des procédés mécaniques et conservée dans des conditions thermiques qui n’altèrent pas sa qualité. L’huile d’olive extra vierge produite se caractérise pour être fruitée, pour avoir des arômes intenses en narines et raffinées en bouche avec une touche  d’amertume et de piquant. Elle satisfait les goûts de chacun.

Nous proposons deux autres produits biologiques, qui sont le vinaigre (balsamique, de cidre, de vin blanc et rouge) et le fromage de brebis (au lait tendre, au lait demi-affiné et au lait affiné).
 
L’appellation de nos produits : « produits sains d’Espagne » certifie de la grande qualité des produits.

Votre enseigne biologique nous intéresse fortement et souhaiterions vous proposer nos produits afin de les y exposer. 

Vous trouverez plus d’informations sur notre entreprise et nos produits sur notre site web : http://aceitesolimpo.com/fr/ 

Nous sommes, évidemment, prêts à vous fournir de plus amples renseignements, si nécessaire.

SERGIO GARCÍA

Dpto. comercial

Ctra. de Mahora, Km. 3

02080 Albacete

Tlf.+34 967 21 76 61

Fax.+34 967 24 25 82

GSM: +34 673 814 854

skype: aceitesolimpo

sgarcia@aceitesolimpo.com

www.aceitesolimpo.com
2015-05-15 09:21:46 : 
2015-05-15 09:21:46 : Message envoyé ! 
2015-05-15 09:21:46 xxxxxxxxxxxxxxxxxxxxxxxxxxxxxxxxxxxxxxxxxxxx  
2015-05-21 14:56:54 : /admin/fileman2/php/upload.php
2015-05-21 14:56:54 : /home/web/alleedubio.frthumbs/DSC00998.jpg
2015-05-21 15:56:04 : /admin/fileman2/php/upload.php
2015-05-21 15:56:04 : /home/web/alleedubio.frthumbs/DSC00993.jpg
2015-05-21 15:56:31 : /admin/fileman2/php/upload.php
2015-05-21 15:56:31 : /home/web/alleedubio.frthumbs/DSC00993 - Copy 1.jpg
2015-05-21 16:17:29 : /admin/fileman2/php/upload.php
2015-05-21 16:17:29 : /home/web/alleedubio.frthumbs/DSC01027.jpg
2015-05-23 14:57:10 : 23/05/2015
2015-05-23 14:57:10 : ER-IMMO
2015-05-23 14:57:10 : contact@er-immo.com
2015-05-23 14:57:10 : Un très joli magasin à Saint Sulpice et Cameyrac où on trouve du conseil, le sourire et des produits de très grandes qualités.
Si vous ne connaissez pas encore, n'hésitez pas à vous y rendre, la santé et le bien être n'ont pas de prix.
2015-05-23 14:57:10 : sendMail
2015-05-23 14:57:10 : on
2015-05-23 14:57:10 : Message envoyé ! 
2015-05-23 14:57:10 xxxxxxxxxxxxxxxxxxxxxxxxxxxxxxxxxxxxxxxxxxxx  
